[debug] [2018-09-27T06:15:22.191Z] ----------------------------------------------------------------------
[debug] [2018-09-27T06:15:22.194Z] Command:       C:\Program Files\nodejs\node.exe C:\Users\STD\AppData\Roaming\npm\node_modules\firebase-tools\bin\firebase serve
[debug] [2018-09-27T06:15:22.194Z] CLI Version:   4.2.1
[debug] [2018-09-27T06:15:22.194Z] Platform:      win32
[debug] [2018-09-27T06:15:22.194Z] Node Version:  v8.11.3
[debug] [2018-09-27T06:15:22.195Z] Time:          Thu Sep 27 2018 13:15:22 GMT+0700 (SE Asia Standard Time)
[debug] [2018-09-27T06:15:22.195Z] ----------------------------------------------------------------------
[debug] 
[debug] [2018-09-27T06:15:22.207Z] > command requires scopes: ["email","openid","https://www.googleapis.com/auth/cloudplatformprojects.readonly","https://www.googleapis.com/auth/firebase","https://www.googleapis.com/auth/cloud-platform"]
[debug] [2018-09-27T06:15:22.208Z] > authorizing via signed-in user
[debug] [2018-09-27T06:15:22.211Z] >>> HTTP REQUEST GET https://admin.firebase.com/v1/projects/shopee-2fc08  
 
[debug] [2018-09-27T06:15:23.321Z] <<< HTTP RESPONSE 200
[debug] [2018-09-27T06:15:23.322Z] >>> HTTP REQUEST GET https://cloudresourcemanager.googleapis.com/v1/projects/shopee-2fc08  
 
[debug] [2018-09-27T06:15:24.698Z] <<< HTTP RESPONSE 200
[info] 
[info] === Serving from 'D:\977-341\Mobile'...
[info] 
[debug] [2018-09-27T06:15:24.701Z] >>> HTTP REQUEST GET https://mobilesdk-pa.googleapis.com/v1/projects/485304648414/clients/_:getWebAppConfig  
 
[debug] [2018-09-27T06:15:25.215Z] <<< HTTP RESPONSE 200
[info] i  hosting[shopee-2fc08]: Serving hosting files from: public
[info] +  hosting[shopee-2fc08]: Local server: http://localhost:5000
